Change Component Designator: Old Designator=C18 New Designator=C25
Change Component Designator: Old Designator=C19 New Designator=C27
Change Component Designator: Old Designator=C20 New Designator=C26
Change Component Designator: Old Designator=C21 New Designator=C18
Change Component Designator: Old Designator=C22 New Designator=C19
Change Component Designator: Old Designator=C23 New Designator=C20
Change Component Designator: Old Designator=C24 New Designator=C21
Change Component Designator: Old Designator=C25 New Designator=C22
Change Component Designator: Old Designator=C26 New Designator=C23
Change Component Designator: Old Designator=C? New Designator=C24
Change Component Designator: Old Designator=C? New Designator=C28
Change Component Designator: Old Designator=C? New Designator=C29
Change Component Designator: Old Designator=C? New Designator=C30
Change Component Designator: Old Designator=IC? New Designator=IC3
Change Component Designator: Old Designator=J? New Designator=J2
Change Component Designator: Old Designator=J? New Designator=J3
Change Component Designator: Old Designator=R28 New Designator=R30
Change Component Designator: Old Designator=R31 New Designator=R28
Change Component Designator: Old Designator=R32 New Designator=R29
Change Component Designator: Old Designator=SW? New Designator=SW1
Change Component Designator: Old Designator=U7 New Designator=U8
Change Component Designator: Old Designator=U? New Designator=U7
